
> vibe-generated-app@1.0.0 dev
> vite


  VITE v5.4.20  ready in 288 ms

  ➜  Local:   http://localhost:3000/
  ➜  Network: http://172.20.2.201:3000/
5:00:41 PM [vite] Pre-transform error: Transform failed with 1 error:
/home/workspace/src/App.jsx:93:45: ERROR: Expected ";" but found "as"
5:00:42 PM [vite] Internal server error: Transform failed with 1 error:
/home/workspace/src/App.jsx:93:45: ERROR: Expected ";" but found "as"
  Plugin: vite:esbuild
  File: /home/workspace/src/App.jsx:93:45
  
  Expected ";" but found "as"
  91 |                onSubmit={(e) => {
  92 |                  e.preventDefault();
  93 |                  const form = e.currentTarget as HTMLFormElement;
     |                                               ^
  94 |                  const data = new FormData(form);
  95 |                  const name = data.get('name');
  
      at failureErrorWithLog (/home/workspace/node_modules/esbuild/lib/main.js:1472:15)
      at /home/workspace/node_modules/esbuild/lib/main.js:755:50
      at responseCallbacks.<computed> (/home/workspace/node_modules/esbuild/lib/main.js:622:9)
      at handleIncomingPacket (/home/workspace/node_modules/esbuild/lib/main.js:677:12)
      at Socket.readFromStdout (/home/workspace/node_modules/esbuild/lib/main.js:600:7)
      at Socket.emit (node:events:508:28)
      at addChunk (node:internal/streams/readable:559:12)
      at readableAddChunkPushByteMode (node:internal/streams/readable:510:3)
      at Readable.push (node:internal/streams/readable:390:5)
      at Pipe.onStreamRead (node:internal/stream_base_commons:189:23)
5:01:07 PM [vite] Internal server error: Transform failed with 1 error:
/home/workspace/src/App.jsx:93:45: ERROR: Expected ";" but found "as"
  Plugin: vite:esbuild
  File: /home/workspace/src/App.jsx:93:45
  
  Expected ";" but found "as"
  91 |                onSubmit={(e) => {
  92 |                  e.preventDefault();
  93 |                  const form = e.currentTarget as HTMLFormElement;
     |                                               ^
  94 |                  const data = new FormData(form);
  95 |                  const name = data.get('name');
  
      at failureErrorWithLog (/home/workspace/node_modules/esbuild/lib/main.js:1472:15)
      at /home/workspace/node_modules/esbuild/lib/main.js:755:50
      at responseCallbacks.<computed> (/home/workspace/node_modules/esbuild/lib/main.js:622:9)
      at handleIncomingPacket (/home/workspace/node_modules/esbuild/lib/main.js:677:12)
      at Socket.readFromStdout (/home/workspace/node_modules/esbuild/lib/main.js:600:7)
      at Socket.emit (node:events:508:28)
      at addChunk (node:internal/streams/readable:559:12)
      at readableAddChunkPushByteMode (node:internal/streams/readable:510:3)
      at Readable.push (node:internal/streams/readable:390:5)
      at Pipe.onStreamRead (node:internal/stream_base_commons:189:23)
